[19:10:54.927] Global cache location 'C:/Users/Administrator/AppData/Local/Microsoft/TypeScript/4.1', safe file path 'c:/lib/nvm/v15.8.0/node_modules/typescript/lib/typingsafelist.json', types map path c:/lib/nvm/v15.8.0/node_modules/typescript/lib/typesmap.json
[19:10:54.932] Processing cache location 'C:/Users/Administrator/AppData/Local/Microsoft/TypeScript/4.1'
[19:10:54.933] Trying to find 'C:/Users/Administrator/AppData/Local/Microsoft/TypeScript/4.1/package.json'...
[19:10:54.947] Loaded content of 'C:/Users/Administrator/AppData/Local/Microsoft/TypeScript/4.1/package.json': {"private":true,"dependencies":{"types-registry":"^0.1.533"},"devDependencies":{"@types/accepts":"^1.3.5","@types/acorn":"^4.0.5","@types/ajv-errors":"^1.0.3","@types/ansi-styles":"^3.2.1","@types/anymatch":"^1.3.1","@types/app-root-path":"^1.2.4","@types/are-we-there-yet":"^1.1.0","@types/argparse":"^2.0.5","@types/arr-diff":"^4.0.0","@types/arr-union":"^3.1.0","@types/array-find-index":"^1.0.0","@types/array-unique":"^0.3.0","@types/asap":"^2.0.0","@types/asn1":"^0.2.0","@types/assert":"^1.5.4","@types/assert-plus":"^1.0.4","@types/atob":"^2.1.2","@types/aws4":"^1.5.1","@types/babel-plugin-syntax-jsx":"^6.18.0","@types/balanced-match":"^1.0.1","@types/base64-js":"^1.3.0","@types/big.js":"^6.0.2","@types/bindings":"^1.5.0","@types/bl":"^2.1.0","@types/bluebird":"^3.5.33","@types/bn.js":"^5.1.0","@types/boolbase":"^1.0.0","@types/brace-expansion":"^1.1.0","@types/braces":"^3.0.0","@types/brorand":"^1.0.30","@types/buffer-crc32":"^0.2.0","@types/buffer-from":"^1.1.0","@types/buffer-xor":"^2.0.0","@types/cacache":"^15.0.0","@types/cacheable-request":"^6.0.1","@types/call-bind":"^1.0.0","@types/caniuse-lite":"^1.0.0","@types/caseless":"^0.12.2","@types/chardet":"^0.8.0","@types/charset":"^1.0.2","@types/cheerio":"^0.22.24","@types/chownr":"^1.0.0","@types/ci-info":"^2.0.0","@types/cipher-base":"^1.0.0","@types/classnames":"^2.2.11","@types/clean-css":"^4.2.3","@types/cli-spinners":"^1.3.0","@types/clone":"^2.1.0","@types/clone-deep":"^4.0.1","@types/co":"^4.6.2","@types/color":"^3.0.1","@types/color-convert":"^2.0.0","@types/color-name":"^1.1.1","@types/color-string":"^1.5.0","@types/combined-stream":"^1.0.2","@types/commondir":"^1.0.0","@types/component-emitter":"^1.2.10","@types/compose-function":"^0.0.30","@types/concat-map":"^0.0.0","@types/concat-stream":"^1.6.0","@types/configstore":"^4.0.0","@types/consolidate":"^0.14.0","@types/content-disposition":"^0.5.3","@types/content-type":"^1.1.3","@types/convert-source-map":"^1.5.1","@types/cookies":"^0.7.6","@types/create-hash":"^1.2.2","@types/create-hmac":"^1.1.0","@types/cross-spawn":"^6.0.2","@types/css":"^0.0.31","@types/css-tree":"^1.0.5","@types/cssesc":"^3.0.0","@types/csso":"^3.5.1","@types/cssom":"^0.4.1","@types/cssstyle":"^2.2.1","@types/d":"^1.0.0","@types/dashdash":"^1.14.0","@types/data-urls":"^2.0.0","@types/debug":"^4.1.5","@types/decode-uri-component":"^0.2.0","@types/decompress":"^4.2.3","@types/deep-equal":"^1.0.1","@types/deep-extend":"^0.4.31","@types/defaults":"^1.0.3","@types/define-properties":"^1.1.3","@types/depd":"^1.1.32","@types/destroy":"^1.0.0","@types/diffie-hellman":"^5.0.0","@types/dir-glob":"^2.0.0","@types/domexception":"^2.0.1","@types/domhandler":"^2.4.1","@types/download":"^6.2.4","@types/duplexer3":"^0.1.0","@types/duplexify":"^3.6.0","@types/ee-first":"^1.1.0","@types/elliptic":"^6.4.12","@types/encodeurl":"^1.0.0","@types/end-of-stream":"^1.4.0","@types/enhanced-resolve":"^3.0.6","@types/es-abstract":"^1.17.2","@types/es-module-lexer":"^0.3.0","@types/es-to-primitive":"^1.2.4","@types/escape-html":"^1.0.0","@types/escodegen":"^0.0.6","@types/eslint":"^7.2.6","@types/eslint-config-prettier":"^6.11.0","@types/eslint-plugin-prettier":"^3.1.0","@types/eslint-scope":"^3.7.0","@types/esprima":"^4.0.2","@types/estraverse":"^5.1.0","@types/etag":"^1.8.0","@types/events":"^3.0.0","@types/extend":"^3.0.1","@types/extsprintf":"^1.4.1","@types/fast-levenshtein":"^0.0.1","@types/figlet":"^1.2.1","@types/find-cache-dir":"^3.2.0","@types/flush-write-stream":"^1.0.0","@types/follow-redirects":"^1.13.0","@types/forever-agent":"^0.6.0","@types/fresh":"^0.5.0","@types/from2":"^2.3.0","@types/fs-extra":"^9.0.7","@types/function-bind":"^1.1.6","@types/get-caller-file":"^1.0.0","@types/get-intrinsic":"^1.0.0","@types/get-value":"^3.0.1","@types/getpass":"^0.1.0","@types/glob":"^7.1.3","@types/glob-parent":"^5.1.0","@types/glob-to-regexp":"^0.4.0","@types/graceful-fs":"^4.1.5","@types/has":"^1.0.0","@types/has-ansi":"^3.0.0","@types/has-symbols":"^1.0.0","@types/hash-sum":"^1.0.0","@types/he":"^1.1.1","@types/hosted-git-info":"^3.0.1","@types/html-encoding-sniffer":"^2.0.1","@types/http-assert":"^1.5.1","@types/http-cache-semantics":"^4.0.0","@types/http-errors":"^1.8.0","@types/http-proxy":"^1.17.5","@types/icss-utils":"^4.1.0","@types/iferr":"^1.0.2","@types/imagemin":"^7.0.0","@types/imagemin-optipng":"^5.2.0","@types/imagemin-zopfli":"^7.0.0","@types/imurmurhash":"^0.1.1","@types/inherits":"^0.0.30","@types/ini":"^1.3.30","@types/inquirer":"^7.3.1","@types/invariant":"^2.2.34","@types/is-alphanumerical":"^1.0.0","@types/is-buffer":"^2.0.0","@types/is-callable":"^1.1.0","@types/is-ci":"^2.0.0","@types/is-core-module":"^2.2.0","@types/is-date-object":"^1.0.1","@types/is-finite":"^1.0.0","@types/is-generator-function":"^1.0.1","@types/is-glob":"^4.0.1","@types/is-natural-number":"^4.0.0","@types/is-number":"^7.0.1","@types/is-object":"^1.0.1","@types/is-regex":"^1.0.0","@types/is-typedarray":"^1.0.0","@types/is-utf8":"^0.2.0","@types/is-windows":"^1.0.0","@types/isarray":"^2.0.0","@types/isexe":"^2.0.0","@types/isstream":"^0.1.0","@types/js-yaml":"^4.0.0","@types/jsbn":"^1.2.29","@types/jsdom":"^16.2.6","@types/jsesc":"^2.5.1","@types/json-buffer":"^3.0.0","@types/json-parse-better-errors":"^1.0.0","@types/json-schema":"^7.0.7","@types/json-stringify-safe":"^5.0.0","@types/jsonfile":"^6.0.0","@types/keygrip":"^1.0.2","@types/keyv":"^3.1.1","@types/kind-of":"^6.0.0","@types/koa":"^2.11.8","@types/koa-compose":"^3.2.5","@types/koa-conditional-get":"^2.0.0","@types/koa-convert":"^1.2.3","@types/koa-etag":"^3.0.0","@types/koa-send":"^4.1.2","@types/koa-static":"^4.0.1","@types/loader-runner":"^2.2.3","@types/loader-utils":"^2.0.1","@types/lodash":"^4.14.168","@types/lodash.assignin":"^4.2.6","@types/lodash.bind":"^4.2.6","@types/lodash.camelcase":"^4.3.6","@types/lodash.defaults":"^4.2.6","@types/lodash.filter":"^4.6.6","@types/lodash.flatten":"^4.4.6","@types/lodash.foreach":"^4.5.6","@types/lodash.merge":"^4.6.6","@types/lodash.pick":"^4.4.6","@types/lodash.reduce":"^4.6.6","@types/lodash.reject":"^4.6.6","@types/lodash.some":"^4.6.6","@types/lodash.sortby":"^4.7.6","@types/lru-cache":"^5.1.0","@types/marked":"^1.2.2","@types/media-typer":"^1.1.0","@types/memory-fs":"^0.3.2","@types/meow":"^5.0.0","@types/merge-stream":"^1.1.2","@types/merge2":"^1.3.0","@types/micromatch":"^4.0.1","@types/mime":"^2.0.3","@types/mime-db":"^1.43.0","@types/mime-types":"^2.1.0","@types/minimalistic-assert":"^1.0.1","@types/minimatch":"^3.0.3","@types/minimist":"^1.2.1","@types/minipass":"^2.2.0","@types/mkdirp":"^1.0.1","@types/move-concurrently":"^1.0.2","@types/ms":"^0.7.31","@types/mute-stream":"^0.0.0","@types/mz":"^2.7.3","@types/negotiator":"^0.6.1","@types/next-tick":"^1.0.0","@types/nice-try":"^2.1.0","@types/node-abi":"^2.10.0","@types/node-fetch":"^2.5.8","@types/node-forge":"^0.9.7","@types/normalize-package-data":"^2.4.0","@types/normalize-path":"^3.0.0","@types/npmlog":"^4.1.2","@types/number-is-nan":"^2.0.0","@types/object-assign":"^4.0.30","@types/object-inspect":"^1.8.0","@types/object-keys":"^1.0.1","@types/object-path":"^0.11.0","@types/object.getownpropertydescriptors":"^2.1.1","@types/object.pick":"^1.3.0","@types/on-finished":"^2.3.1","@types/once":"^1.4.0","@types/os-tmpdir":"^1.0.0","@types/pako":"^1.0.1","@types/parallel-transform":"^1.1.0","@types/parse-json":"^4.0.0","@types/parse5":"^6.0.0","@types/parse5-htmlparser2-tree-adapter":"^6.0.0","@types/parseurl":"^1.3.1","@types/pascalcase":"^1.0.0","@types/path-is-absolute":"^1.0.0","@types/path-parse":"^1.0.19","@types/pbkdf2":"^3.1.0","@types/picomatch":"^2.2.1","@types/pify":"^5.0.0","@types/platform":"^1.3.3","@types/pngquant-bin":"^4.0.0","@types/postcss-import":"^12.0.0","@types/postcss-modules-extract-imports":"^2.0.0","@types/postcss-modules-local-by-default":"^1.2.0","@types/postcss-modules-scope":"^1.1.0","@types/postcss-modules-values":"^3.0.0","@types/postcss-safe-parser":"^4.0.0","@types/prelude-ls":"^1.1.29","@types/prettier":"^2.2.1","@types/promise-inflight":"^1.0.0","@types/prop-types":"^15.7.3","@types/psl":"^1.1.0","@types/pump":"^1.1.0","@types/pumpify":"^1.4.1","@types/punycode":"^2.1.0","@types/q":"^1.5.4","@types/qs":"^6.9.5","@types/querystringify":"^2.0.0","@types/ramda":"^0.27.37","@types/randombytes":"^2.0.0","@types/rc":"^1.1.0","@types/react":"^17.0.2","@types/react-dom":"^17.0.1","@types/react-is":"^17.0.0","@types/readable-stream":"^2.3.9","@types/regenerator-runtime":"^0.13.0","@types/registry-auth-token":"^4.2.0","@types/repeat-element":"^1.1.0","@types/repeat-string":"^1.6.0","@types/repeating":"^3.0.0","@types/replace-ext":"^2.0.0","@types/request":"^2.48.5","@types/request-promise-native":"^1.0.17","@types/require-directory":"^2.1.1","@types/requires-port":"^1.0.0","@types/resolve":"^1.19.0","@types/resolve-path":"^1.4.0","@types/responselike":"^1.0.0","@types/rimraf":"^3.0.0","@types/ripemd160":"^2.0.0","@types/run-parallel":"^1.1.0","@types/safe-regex":"^1.1.2","@types/safer-buffer":"^2.1.0","@types/sass":"^1.16.0","@types/sass-loader":"^8.0.0","@types/sax":"^1.2.1","@types/scheduler":"^0.16.1","@types/semver":"^7.3.4","@types/serialize-javascript":"^5.0.0","@types/set-value":"^2.0.0","@types/setimmediate":"^1.0.2","@types/sha.js":"^2.4.0","@types/sharp":"^0.27.1","@types/shebang-command":"^1.2.0","@types/shell-quote":"^1.7.0","@types/signal-exit":"^3.0.0","@types/source-list-map":"^0.1.2","@types/source-map-support":"^0.5.3","@types/spdx-correct":"^2.0.0","@types/spdx-expression-parse":"^3.0.0","@types/sprintf":"^0.1.0","@types/sprintf-js":"^1.1.2","@types/sshpk":"^1.10.5","@types/ssri":"^7.1.0","@types/statuses":"^2.0.0","@types/stream-each":"^1.2.0","@types/stream-shift":"^1.0.0","@types/strict-uri-encode":"^2.0.0","@types/string-hash":"^1.1.1","@types/styled-jsx":"^2.2.8","@types/supports-color":"^7.2.0","@types/svgo":"^1.3.3","@types/symbol-tree":"^3.2.1","@types/tapable":"^1.0.6","@types/tar":"^4.0.4","@types/tar-fs":"^2.0.0","@types/tar-stream":"^2.2.0","@types/terser-webpack-plugin":"^5.0.2","@types/through":"^0.0.30","@types/through2":"^2.0.36","@types/tmp":"^0.2.0","@types/tough-cookie":"^4.0.0","@types/traverse":"^0.6.32","@types/tsscmp":"^1.0.0","@types/type-check":"^0.3.27","@types/type-is":"^1.6.3","@types/uglify-js":"^3.12.0","@types/uniq":"^0.0.27","@types/universalify":"^1.0.0","@types/update-notifier":"^5.0.0","@types/urix":"^0.1.0","@types/url-parse":"^1.4.3","@types/use-subscription":"^1.0.0","@types/util-deprecate":"^1.0.0","@types/util.promisify":"^1.0.4","@types/uuid":"^8.3.0","@types/validate-npm-package-license":"^3.0.0","@types/vary":"^1.1.0","@types/verror":"^1.10.4","@types/w3c-xmlserializer":"^2.0.1","@types/watchpack":"^1.1.6","@types/wcwidth":"^1.0.0","@types/webidl-conversions":"^6.1.0","@types/webpack":"^4.41.26","@types/webpack-shell-plugin":"^0.5.0","@types/webpack-sources":"^2.1.0","@types/whatwg-encoding":"^1.0.0","@types/whatwg-mimetype":"^2.1.0","@types/whatwg-url":"^8.0.0","@types/which":"^2.0.0","@types/which-pm-runs":"^1.0.0","@types/wrap-ansi":"^3.0.0","@types/write-file-atomic":"^3.0.1","@types/ws":"^7.4.0","@types/xml2js":"^0.4.8","@types/xtend":"^4.0.3","@types/y18n":"^4.0.0","@types/yallist":"^3.0.1","@types/yargs":"^16.0.0","@types/yargs-parser":"^20.2.0","@types/yauzl":"^2.9.1","@types/zopflipng-bin":"^4.1.0"}}
[19:10:54.948] Loaded content of 'C:/Users/Administrator/AppData/Local/Microsoft/TypeScript/4.1/package-lock.json'
[19:10:54.982] Adding entry into typings cache: 'accepts' => 'C:/Users/Administrator/AppData/Local/Microsoft/TypeScript/4.1/node_modules/@types/accepts/index.d.ts'
[19:10:55.002] Adding entry into typings cache: 'acorn' => 'C:/Users/Administrator/AppData/Local/Microsoft/TypeScript/4.1/node_modules/acorn/dist/acorn.d.ts'
[19:10:55.012] Adding entry into typings cache: 'ajv-errors' => 'C:/Users/Administrator/AppData/Local/Microsoft/TypeScript/4.1/node_modules/@types/ajv-errors/index.d.ts'
[19:10:55.023] Adding entry into typings cache: 'ansi-styles' => 'C:/Users/Administrator/AppData/Local/Microsoft/TypeScript/4.1/node_modules/@types/ansi-styles/index.d.ts'
[19:10:55.039] Adding entry into typings cache: 'anymatch' => 'C:/Users/Administrator/AppData/Local/Microsoft/TypeScript/4.1/node_modules/@types/anymatch/index.d.ts'
[19:10:55.045] Adding entry into typings cache: 'app-root-path' => 'C:/Users/Administrator/AppData/Local/Microsoft/TypeScript/4.1/node_modules/@types/app-root-path/index.d.ts'
[19:10:55.053] Adding entry into typings cache: 'are-we-there-yet' => 'C:/Users/Administrator/AppData/Local/Microsoft/TypeScript/4.1/node_modules/@types/are-we-there-yet/index.d.ts'
[19:10:55.063] Adding entry into typings cache: 'argparse' => 'C:/Users/Administrator/AppData/Local/Microsoft/TypeScript/4.1/node_modules/@types/argparse/index.d.ts'
[19:10:55.078] Adding entry into typings cache: 'arr-diff' => 'C:/Users/Administrator/AppData/Local/Microsoft/TypeScript/4.1/node_modules/@types/arr-diff/index.d.ts'
[19:10:55.091] Adding entry into typings cache: 'arr-union' => 'C:/Users/Administrator/AppData/Local/Microsoft/TypeScript/4.1/node_modules/@types/arr-union/index.d.ts'
[19:10:55.098] Adding entry into typings cache: 'array-find-index' => 'C:/Users/Administrator/AppData/Local/Microsoft/TypeScript/4.1/node_modules/@types/array-find-index/index.d.ts'
[19:10:55.109] Adding entry into typings cache: 'array-unique' => 'C:/Users/Administrator/AppData/Local/Microsoft/TypeScript/4.1/node_modules/@types/array-unique/index.d.ts'
[19:10:55.120] Adding entry into typings cache: 'asap' => 'C:/Users/Administrator/AppData/Local/Microsoft/TypeScript/4.1/node_modules/@types/asap/index.d.ts'
[19:10:55.129] Adding entry into typings cache: 'asn1' => 'C:/Users/Administrator/AppData/Local/Microsoft/TypeScript/4.1/node_modules/@types/asn1/index.d.ts'
[19:10:55.136] Adding entry into typings cache: 'assert' => 'C:/Users/Administrator/AppData/Local/Microsoft/TypeScript/4.1/node_modules/@types/assert/index.d.ts'
[19:10:55.143] Adding entry into typings cache: 'assert-plus' => 'C:/Users/Administrator/AppData/Local/Microsoft/TypeScript/4.1/node_modules/@types/assert-plus/index.d.ts'
[19:10:55.157] Adding entry into typings cache: 'atob' => 'C:/Users/Administrator/AppData/Local/Microsoft/TypeScript/4.1/node_modules/@types/atob/index.d.ts'
[19:10:55.165] Adding entry into typings cache: 'aws4' => 'C:/Users/Administrator/AppData/Local/Microsoft/TypeScript/4.1/node_modules/@types/aws4/index.d.ts'
[19:10:55.170] Adding entry into typings cache: 'babel-plugin-syntax-jsx' => 'C:/Users/Administrator/AppData/Local/Microsoft/TypeScript/4.1/node_modules/@types/babel-plugin-syntax-jsx/index.d.ts'
[19:10:55.177] Adding entry into typings cache: 'balanced-match' => 'C:/Users/Administrator/AppData/Local/Microsoft/TypeScript/4.1/node_modules/@types/balanced-match/index.d.ts'
[19:10:55.187] Adding entry into typings cache: 'base64-js' => 'C:/Users/Administrator/AppData/Local/Microsoft/TypeScript/4.1/node_modules/@types/base64-js/index.d.ts'
[19:10:55.199] Adding entry into typings cache: 'big.js' => 'C:/Users/Administrator/AppData/Local/Microsoft/TypeScript/4.1/node_modules/@types/big.js/index.d.ts'
[19:10:55.215] Adding entry into typings cache: 'bindings' => 'C:/Users/Administrator/AppData/Local/Microsoft/TypeScript/4.1/node_modules/@types/bindings/index.d.ts'
[19:10:55.220] Adding entry into typings cache: 'bl' => 'C:/Users/Administrator/AppData/Local/Microsoft/TypeScript/4.1/node_modules/@types/bl/index.d.ts'
[19:10:55.228] Adding entry into typings cache: 'bluebird' => 'C:/Users/Administrator/AppData/Local/Microsoft/TypeScript/4.1/node_modules/@types/bluebird/index.d.ts'
[19:10:55.236] Adding entry into typings cache: 'bn.js' => 'C:/Users/Administrator/AppData/Local/Microsoft/TypeScript/4.1/node_modules/@types/bn.js/index.d.ts'
[19:10:55.242] Adding entry into typings cache: 'boolbase' => 'C:/Users/Administrator/AppData/Local/Microsoft/TypeScript/4.1/node_modules/@types/boolbase/index.d.ts'
[19:10:55.249] Adding entry into typings cache: 'brace-expansion' => 'C:/Users/Administrator/AppData/Local/Microsoft/TypeScript/4.1/node_modules/@types/brace-expansion/index.d.ts'
[19:10:55.264] Adding entry into typings cache: 'braces' => 'C:/Users/Administrator/AppData/Local/Microsoft/TypeScript/4.1/node_modules/@types/braces/index.d.ts'
[19:10:55.268] Adding entry into typings cache: 'brorand' => 'C:/Users/Administrator/AppData/Local/Microsoft/TypeScript/4.1/node_modules/@types/brorand/index.d.ts'
[19:10:55.276] Adding entry into typings cache: 'buffer-crc32' => 'C:/Users/Administrator/AppData/Local/Microsoft/TypeScript/4.1/node_modules/@types/buffer-crc32/index.d.ts'
[19:10:55.285] Adding entry into typings cache: 'buffer-from' => 'C:/Users/Administrator/AppData/Local/Microsoft/TypeScript/4.1/node_modules/@types/buffer-from/index.d.ts'
[19:10:55.303] Adding entry into typings cache: 'buffer-xor' => 'C:/Users/Administrator/AppData/Local/Microsoft/TypeScript/4.1/node_modules/@types/buffer-xor/index.d.ts'
[19:10:55.315] Adding entry into typings cache: 'cacache' => 'C:/Users/Administrator/AppData/Local/Microsoft/TypeScript/4.1/node_modules/@types/cacache/index.d.ts'
[19:10:55.326] Adding entry into typings cache: 'cacheable-request' => 'C:/Users/Administrator/AppData/Local/Microsoft/TypeScript/4.1/node_modules/@types/cacheable-request/index.d.ts'
[19:10:55.335] Adding entry into typings cache: 'call-bind' => 'C:/Users/Administrator/AppData/Local/Microsoft/TypeScript/4.1/node_modules/@types/call-bind/index.d.ts'
[19:10:55.353] Adding entry into typings cache: 'caniuse-lite' => 'C:/Users/Administrator/AppData/Local/Microsoft/TypeScript/4.1/node_modules/@types/caniuse-lite/index.d.ts'
[19:10:55.361] Adding entry into typings cache: 'caseless' => 'C:/Users/Administrator/AppData/Local/Microsoft/TypeScript/4.1/node_modules/@types/caseless/index.d.ts'
[19:10:55.368] Adding entry into typings cache: 'chardet' => 'C:/Users/Administrator/AppData/Local/Microsoft/TypeScript/4.1/node_modules/@types/chardet/index.d.ts'
[19:10:55.376] Adding entry into typings cache: 'charset' => 'C:/Users/Administrator/AppData/Local/Microsoft/TypeScript/4.1/node_modules/@types/charset/index.d.ts'
[19:10:55.385] Adding entry into typings cache: 'cheerio' => 'C:/Users/Administrator/AppData/Local/Microsoft/TypeScript/4.1/node_modules/@types/cheerio/index.d.ts'
[19:10:55.392] Adding entry into typings cache: 'chownr' => 'C:/Users/Administrator/AppData/Local/Microsoft/TypeScript/4.1/node_modules/@types/chownr/index.d.ts'
[19:10:55.398] Adding entry into typings cache: 'ci-info' => 'C:/Users/Administrator/AppData/Local/Microsoft/TypeScript/4.1/node_modules/@types/ci-info/index.d.ts'
[19:10:55.407] Adding entry into typings cache: 'cipher-base' => 'C:/Users/Administrator/AppData/Local/Microsoft/TypeScript/4.1/node_modules/@types/cipher-base/index.d.ts'
[19:10:55.413] Adding entry into typings cache: 'classnames' => 'C:/Users/Administrator/AppData/Local/Microsoft/TypeScript/4.1/node_modules/@types/classnames/index.d.ts'
[19:10:55.421] Adding entry into typings cache: 'clean-css' => 'C:/Users/Administrator/AppData/Local/Microsoft/TypeScript/4.1/node_modules/@types/clean-css/index.d.ts'
[19:10:55.431] Adding entry into typings cache: 'cli-spinners' => 'C:/Users/Administrator/AppData/Local/Microsoft/TypeScript/4.1/node_modules/@types/cli-spinners/index.d.ts'
[19:10:55.438] Adding entry into typings cache: 'clone' => 'C:/Users/Administrator/AppData/Local/Microsoft/TypeScript/4.1/node_modules/@types/clone/index.d.ts'
[19:10:55.464] Adding entry into typings cache: 'clone-deep' => 'C:/Users/Administrator/AppData/Local/Microsoft/TypeScript/4.1/node_modules/@types/clone-deep/index.d.ts'
[19:10:55.474] Adding entry into typings cache: 'co' => 'C:/Users/Administrator/AppData/Local/Microsoft/TypeScript/4.1/node_modules/@types/co/index.d.ts'
[19:10:55.499] Adding entry into typings cache: 'color' => 'C:/Users/Administrator/AppData/Local/Microsoft/TypeScript/4.1/node_modules/@types/color/index.d.ts'
[19:10:55.520] Adding entry into typings cache: 'color-convert' => 'C:/Users/Administrator/AppData/Local/Microsoft/TypeScript/4.1/node_modules/@types/color-convert/index.d.ts'
[19:10:55.533] Adding entry into typings cache: 'color-name' => 'C:/Users/Administrator/AppData/Local/Microsoft/TypeScript/4.1/node_modules/@types/color-name/index.d.ts'
[19:10:55.542] Adding entry into typings cache: 'color-string' => 'C:/Users/Administrator/AppData/Local/Microsoft/TypeScript/4.1/node_modules/@types/color-string/index.d.ts'
[19:10:55.556] Adding entry into typings cache: 'combined-stream' => 'C:/Users/Administrator/AppData/Local/Microsoft/TypeScript/4.1/node_modules/@types/combined-stream/index.d.ts'
[19:10:55.583] Adding entry into typings cache: 'commondir' => 'C:/Users/Administrator/AppData/Local/Microsoft/TypeScript/4.1/node_modules/@types/commondir/index.d.ts'
[19:10:55.610] Adding entry into typings cache: 'component-emitter' => 'C:/Users/Administrator/AppData/Local/Microsoft/TypeScript/4.1/node_modules/@types/component-emitter/index.d.ts'
[19:10:55.618] Adding entry into typings cache: 'compose-function' => 'C:/Users/Administrator/AppData/Local/Microsoft/TypeScript/4.1/node_modules/@types/compose-function/index.d.ts'
[19:10:55.633] Adding entry into typings cache: 'concat-map' => 'C:/Users/Administrator/AppData/Local/Microsoft/TypeScript/4.1/node_modules/@types/concat-map/index.d.ts'
[19:10:55.641] Adding entry into typings cache: 'concat-stream' => 'C:/Users/Administrator/AppData/Local/Microsoft/TypeScript/4.1/node_modules/@types/concat-stream/index.d.ts'
[19:10:55.652] Adding entry into typings cache: 'configstore' => 'C:/Users/Administrator/AppData/Local/Microsoft/TypeScript/4.1/node_modules/@types/configstore/index.d.ts'
[19:10:55.661] Adding entry into typings cache: 'consolidate' => 'C:/Users/Administrator/AppData/Local/Microsoft/TypeScript/4.1/node_modules/@types/consolidate/index.d.ts'
[19:10:55.670] Adding entry into typings cache: 'content-disposition' => 'C:/Users/Administrator/AppData/Local/Microsoft/TypeScript/4.1/node_modules/@types/content-disposition/index.d.ts'
[19:10:55.679] Adding entry into typings cache: 'content-type' => 'C:/Users/Administrator/AppData/Local/Microsoft/TypeScript/4.1/node_modules/@types/content-type/index.d.ts'
[19:10:55.684] Adding entry into typings cache: 'convert-source-map' => 'C:/Users/Administrator/AppData/Local/Microsoft/TypeScript/4.1/node_modules/@types/convert-source-map/index.d.ts'
[19:10:55.693] Adding entry into typings cache: 'cookies' => 'C:/Users/Administrator/AppData/Local/Microsoft/TypeScript/4.1/node_modules/@types/cookies/index.d.ts'
[19:10:55.702] Adding entry into typings cache: 'create-hash' => 'C:/Users/Administrator/AppData/Local/Microsoft/TypeScript/4.1/node_modules/@types/create-hash/index.d.ts'
[19:10:55.712] Adding entry into typings cache: 'create-hmac' => 'C:/Users/Administrator/AppData/Local/Microsoft/TypeScript/4.1/node_modules/@types/create-hmac/index.d.ts'
[19:10:55.721] Adding entry into typings cache: 'cross-spawn' => 'C:/Users/Administrator/AppData/Local/Microsoft/TypeScript/4.1/node_modules/@types/cross-spawn/index.d.ts'
[19:10:55.727] Adding entry into typings cache: 'css' => 'C:/Users/Administrator/AppData/Local/Microsoft/TypeScript/4.1/node_modules/@types/css/index.d.ts'
[19:10:55.732] Adding entry into typings cache: 'css-tree' => 'C:/Users/Administrator/AppData/Local/Microsoft/TypeScript/4.1/node_modules/@types/css-tree/index.d.ts'
[19:10:55.738] Adding entry into typings cache: 'cssesc' => 'C:/Users/Administrator/AppData/Local/Microsoft/TypeScript/4.1/node_modules/@types/cssesc/index.d.ts'
[19:10:55.743] Adding entry into typings cache: 'csso' => 'C:/Users/Administrator/AppData/Local/Microsoft/TypeScript/4.1/node_modules/@types/csso/index.d.ts'
[19:10:55.748] Adding entry into typings cache: 'cssom' => 'C:/Users/Administrator/AppData/Local/Microsoft/TypeScript/4.1/node_modules/@types/cssom/index.d.ts'
[19:10:55.754] Adding entry into typings cache: 'cssstyle' => 'C:/Users/Administrator/AppData/Local/Microsoft/TypeScript/4.1/node_modules/@types/cssstyle/index.d.ts'
[19:10:55.762] Adding entry into typings cache: 'd' => 'C:/Users/Administrator/AppData/Local/Microsoft/TypeScript/4.1/node_modules/@types/d/index.d.ts'
[19:10:55.770] Adding entry into typings cache: 'dashdash' => 'C:/Users/Administrator/AppData/Local/Microsoft/TypeScript/4.1/node_modules/@types/dashdash/index.d.ts'
[19:10:55.778] Adding entry into typings cache: 'data-urls' => 'C:/Users/Administrator/AppData/Local/Microsoft/TypeScript/4.1/node_modules/@types/data-urls/index.d.ts'
[19:10:55.800] Adding entry into typings cache: 'debug' => 'C:/Users/Administrator/AppData/Local/Microsoft/TypeScript/4.1/node_modules/@types/debug/index.d.ts'
[19:10:55.807] Adding entry into typings cache: 'decode-uri-component' => 'C:/Users/Administrator/AppData/Local/Microsoft/TypeScript/4.1/node_modules/@types/decode-uri-component/index.d.ts'
[19:10:55.812] Adding entry into typings cache: 'decompress' => 'C:/Users/Administrator/AppData/Local/Microsoft/TypeScript/4.1/node_modules/@types/decompress/index.d.ts'
[19:10:55.820] Adding entry into typings cache: 'deep-equal' => 'C:/Users/Administrator/AppData/Local/Microsoft/TypeScript/4.1/node_modules/@types/deep-equal/index.d.ts'
[19:10:55.826] Adding entry into typings cache: 'deep-extend' => 'C:/Users/Administrator/AppData/Local/Microsoft/TypeScript/4.1/node_modules/@types/deep-extend/index.d.ts'
[19:10:55.836] Adding entry into typings cache: 'defaults' => 'C:/Users/Administrator/AppData/Local/Microsoft/TypeScript/4.1/node_modules/@types/defaults/index.d.ts'
[19:10:55.841] Adding entry into typings cache: 'define-properties' => 'C:/Users/Administrator/AppData/Local/Microsoft/TypeScript/4.1/node_modules/@types/define-properties/index.d.ts'
[19:10:55.849] Adding entry into typings cache: 'depd' => 'C:/Users/Administrator/AppData/Local/Microsoft/TypeScript/4.1/node_modules/@types/depd/index.d.ts'
[19:10:55.856] Adding entry into typings cache: 'destroy' => 'C:/Users/Administrator/AppData/Local/Microsoft/TypeScript/4.1/node_modules/@types/destroy/index.d.ts'
[19:10:55.863] Adding entry into typings cache: 'diffie-hellman' => 'C:/Users/Administrator/AppData/Local/Microsoft/TypeScript/4.1/node_modules/@types/diffie-hellman/index.d.ts'
[19:10:55.868] Adding entry into typings cache: 'dir-glob' => 'C:/Users/Administrator/AppData/Local/Microsoft/TypeScript/4.1/node_modules/@types/dir-glob/index.d.ts'
[19:10:55.872] Adding entry into typings cache: 'domexception' => 'C:/Users/Administrator/AppData/Local/Microsoft/TypeScript/4.1/node_modules/@types/domexception/index.d.ts'
[19:10:55.877] Adding entry into typings cache: 'domhandler' => 'C:/Users/Administrator/AppData/Local/Microsoft/TypeScript/4.1/node_modules/@types/domhandler/index.d.ts'
[19:10:55.885] Adding entry into typings cache: 'download' => 'C:/Users/Administrator/AppData/Local/Microsoft/TypeScript/4.1/node_modules/@types/download/index.d.ts'
[19:10:55.897] Adding entry into typings cache: 'duplexer3' => 'C:/Users/Administrator/AppData/Local/Microsoft/TypeScript/4.1/node_modules/@types/duplexer3/index.d.ts'
[19:10:55.904] Adding entry into typings cache: 'duplexify' => 'C:/Users/Administrator/AppData/Local/Microsoft/TypeScript/4.1/node_modules/@types/duplexify/index.d.ts'
[19:10:55.912] Adding entry into typings cache: 'ee-first' => 'C:/Users/Administrator/AppData/Local/Microsoft/TypeScript/4.1/node_modules/@types/ee-first/index.d.ts'
[19:10:55.916] Adding entry into typings cache: 'elliptic' => 'C:/Users/Administrator/AppData/Local/Microsoft/TypeScript/4.1/node_modules/@types/elliptic/index.d.ts'
[19:10:55.921] Adding entry into typings cache: 'encodeurl' => 'C:/Users/Administrator/AppData/Local/Microsoft/TypeScript/4.1/node_modules/@types/encodeurl/index.d.ts'
[19:10:55.926] Adding entry into typings cache: 'end-of-stream' => 'C:/Users/Administrator/AppData/Local/Microsoft/TypeScript/4.1/node_modules/@types/end-of-stream/index.d.ts'
[19:10:55.934] Adding entry into typings cache: 'enhanced-resolve' => 'C:/Users/Administrator/AppData/Local/Microsoft/TypeScript/4.1/node_modules/enhanced-resolve/types.d.ts'
[19:10:55.941] Adding entry into typings cache: 'es-abstract' => 'C:/Users/Administrator/AppData/Local/Microsoft/TypeScript/4.1/node_modules/@types/es-abstract/index.d.ts'
[19:10:55.952] Adding entry into typings cache: 'es-module-lexer' => 'C:/Users/Administrator/AppData/Local/Microsoft/TypeScript/4.1/node_modules/@types/es-module-lexer/index.d.ts'
[19:10:55.960] Adding entry into typings cache: 'es-to-primitive' => 'C:/Users/Administrator/AppData/Local/Microsoft/TypeScript/4.1/node_modules/@types/es-to-primitive/index.d.ts'
[19:10:55.965] Adding entry into typings cache: 'escape-html' => 'C:/Users/Administrator/AppData/Local/Microsoft/TypeScript/4.1/node_modules/@types/escape-html/index.d.ts'
[19:10:55.969] Adding entry into typings cache: 'escodegen' => 'C:/Users/Administrator/AppData/Local/Microsoft/TypeScript/4.1/node_modules/@types/escodegen/index.d.ts'
[19:10:55.975] Adding entry into typings cache: 'eslint' => 'C:/Users/Administrator/AppData/Local/Microsoft/TypeScript/4.1/node_modules/@types/eslint/index.d.ts'
[19:10:55.979] Adding entry into typings cache: 'eslint-config-prettier' => 'C:/Users/Administrator/AppData/Local/Microsoft/TypeScript/4.1/node_modules/@types/eslint-config-prettier/index.d.ts'
[19:10:55.984] Adding entry into typings cache: 'eslint-plugin-prettier' => 'C:/Users/Administrator/AppData/Local/Microsoft/TypeScript/4.1/node_modules/@types/eslint-plugin-prettier/index.d.ts'
[19:10:56.000] Adding entry into typings cache: 'eslint-scope' => 'C:/Users/Administrator/AppData/Local/Microsoft/TypeScript/4.1/node_modules/@types/eslint-scope/index.d.ts'
[19:10:56.008] Adding entry into typings cache: 'esprima' => 'C:/Users/Administrator/AppData/Local/Microsoft/TypeScript/4.1/node_modules/@types/esprima/index.d.ts'
[19:10:56.020] Adding entry into typings cache: 'estraverse' => 'C:/Users/Administrator/AppData/Local/Microsoft/TypeScript/4.1/node_modules/@types/estraverse/index.d.ts'
[19:10:56.030] Adding entry into typings cache: 'etag' => 'C:/Users/Administrator/AppData/Local/Microsoft/TypeScript/4.1/node_modules/@types/etag/index.d.ts'
[19:10:56.055] Adding entry into typings cache: 'events' => 'C:/Users/Administrator/AppData/Local/Microsoft/TypeScript/4.1/node_modules/@types/events/index.d.ts'
[19:10:56.061] Adding entry into typings cache: 'extend' => 'C:/Users/Administrator/AppData/Local/Microsoft/TypeScript/4.1/node_modules/@types/extend/index.d.ts'
[19:10:56.068] Adding entry into typings cache: 'extsprintf' => 'C:/Users/Administrator/AppData/Local/Microsoft/TypeScript/4.1/node_modules/@types/extsprintf/index.d.ts'
[19:10:56.073] Adding entry into typings cache: 'fast-levenshtein' => 'C:/Users/Administrator/AppData/Local/Microsoft/TypeScript/4.1/node_modules/@types/fast-levenshtein/index.d.ts'
[19:10:56.077] Adding entry into typings cache: 'figlet' => 'C:/Users/Administrator/AppData/Local/Microsoft/TypeScript/4.1/node_modules/@types/figlet/index.d.ts'
[19:10:56.081] Adding entry into typings cache: 'find-cache-dir' => 'C:/Users/Administrator/AppData/Local/Microsoft/TypeScript/4.1/node_modules/@types/find-cache-dir/index.d.ts'
[19:10:56.088] Adding entry into typings cache: 'flush-write-stream' => 'C:/Users/Administrator/AppData/Local/Microsoft/TypeScript/4.1/node_modules/@types/flush-write-stream/index.d.ts'
[19:10:56.092] Adding entry into typings cache: 'follow-redirects' => 'C:/Users/Administrator/AppData/Local/Microsoft/TypeScript/4.1/node_modules/@types/follow-redirects/index.d.ts'
[19:10:56.097] Adding entry into typings cache: 'forever-agent' => 'C:/Users/Administrator/AppData/Local/Microsoft/TypeScript/4.1/node_modules/@types/forever-agent/index.d.ts'
[19:10:56.103] Adding entry into typings cache: 'fresh' => 'C:/Users/Administrator/AppData/Local/Microsoft/TypeScript/4.1/node_modules/@types/fresh/index.d.ts'
[19:10:56.110] Adding entry into typings cache: 'from2' => 'C:/Users/Administrator/AppData/Local/Microsoft/TypeScript/4.1/node_modules/@types/from2/index.d.ts'
[19:10:56.118] Adding entry into typings cache: 'fs-extra' => 'C:/Users/Administrator/AppData/Local/Microsoft/TypeScript/4.1/node_modules/@types/fs-extra/index.d.ts'
[19:10:56.138] Adding entry into typings cache: 'function-bind' => 'C:/Users/Administrator/AppData/Local/Microsoft/TypeScript/4.1/node_modules/@types/function-bind/index.d.ts'
[19:10:56.145] Adding entry into typings cache: 'get-caller-file' => 'C:/Users/Administrator/AppData/Local/Microsoft/TypeScript/4.1/node_modules/@types/get-caller-file/index.d.ts'
[19:10:56.151] Adding entry into typings cache: 'get-intrinsic' => 'C:/Users/Administrator/AppData/Local/Microsoft/TypeScript/4.1/node_modules/@types/get-intrinsic/index.d.ts'
[19:10:56.164] Adding entry into typings cache: 'get-value' => 'C:/Users/Administrator/AppData/Local/Microsoft/TypeScript/4.1/node_modules/@types/get-value/index.d.ts'
[19:10:56.173] Adding entry into typings cache: 'getpass' => 'C:/Users/Administrator/AppData/Local/Microsoft/TypeScript/4.1/node_modules/@types/getpass/index.d.ts'
[19:10:56.183] Adding entry into typings cache: 'glob' => 'C:/Users/Administrator/AppData/Local/Microsoft/TypeScript/4.1/node_modules/@types/glob/index.d.ts'
[19:10:56.207] Adding entry into typings cache: 'glob-parent' => 'C:/Users/Administrator/AppData/Local/Microsoft/TypeScript/4.1/node_modules/@types/glob-parent/index.d.ts'
[19:10:56.218] Adding entry into typings cache: 'glob-to-regexp' => 'C:/Users/Administrator/AppData/Local/Microsoft/TypeScript/4.1/node_modules/@types/glob-to-regexp/index.d.ts'
[19:10:56.226] Adding entry into typings cache: 'graceful-fs' => 'C:/Users/Administrator/AppData/Local/Microsoft/TypeScript/4.1/node_modules/@types/graceful-fs/index.d.ts'
[19:10:56.232] Adding entry into typings cache: 'has' => 'C:/Users/Administrator/AppData/Local/Microsoft/TypeScript/4.1/node_modules/@types/has/index.d.ts'
[19:10:56.239] Adding entry into typings cache: 'has-ansi' => 'C:/Users/Administrator/AppData/Local/Microsoft/TypeScript/4.1/node_modules/@types/has-ansi/index.d.ts'
[19:10:56.243] Adding entry into typings cache: 'has-symbols' => 'C:/Users/Administrator/AppData/Local/Microsoft/TypeScript/4.1/node_modules/@types/has-symbols/index.d.ts'
[19:10:56.250] Adding entry into typings cache: 'hash-sum' => 'C:/Users/Administrator/AppData/Local/Microsoft/TypeScript/4.1/node_modules/@types/hash-sum/index.d.ts'
[19:10:56.257] Adding entry into typings cache: 'he' => 'C:/Users/Administrator/AppData/Local/Microsoft/TypeScript/4.1/node_modules/@types/he/index.d.ts'
[19:10:56.265] Adding entry into typings cache: 'hosted-git-info' => 'C:/Users/Administrator/AppData/Local/Microsoft/TypeScript/4.1/node_modules/@types/hosted-git-info/index.d.ts'
[19:10:56.269] Adding entry into typings cache: 'html-encoding-sniffer' => 'C:/Users/Administrator/AppData/Local/Microsoft/TypeScript/4.1/node_modules/@types/html-encoding-sniffer/index.d.ts'
[19:10:56.276] Adding entry into typings cache: 'http-assert' => 'C:/Users/Administrator/AppData/Local/Microsoft/TypeScript/4.1/node_modules/@types/http-assert/index.d.ts'
[19:10:56.288] Adding entry into typings cache: 'http-cache-semantics' => 'C:/Users/Administrator/AppData/Local/Microsoft/TypeScript/4.1/node_modules/@types/http-cache-semantics/index.d.ts'
[19:10:56.295] Adding entry into typings cache: 'http-errors' => 'C:/Users/Administrator/AppData/Local/Microsoft/TypeScript/4.1/node_modules/@types/http-errors/index.d.ts'
[19:10:56.305] Adding entry into typings cache: 'http-proxy' => 'C:/Users/Administrator/AppData/Local/Microsoft/TypeScript/4.1/node_modules/@types/http-proxy/index.d.ts'
[19:10:56.314] Adding entry into typings cache: 'icss-utils' => 'C:/Users/Administrator/AppData/Local/Microsoft/TypeScript/4.1/node_modules/@types/icss-utils/index.d.ts'
[19:10:56.322] Adding entry into typings cache: 'iferr' => 'C:/Users/Administrator/AppData/Local/Microsoft/TypeScript/4.1/node_modules/@types/iferr/index.d.ts'
[19:10:56.330] Adding entry into typings cache: 'imagemin' => 'C:/Users/Administrator/AppData/Local/Microsoft/TypeScript/4.1/node_modules/@types/imagemin/index.d.ts'
[19:10:56.337] Adding entry into typings cache: 'imagemin-optipng' => 'C:/Users/Administrator/AppData/Local/Microsoft/TypeScript/4.1/node_modules/@types/imagemin-optipng/index.d.ts'
[19:10:56.344] Adding entry into typings cache: 'imagemin-zopfli' => 'C:/Users/Administrator/AppData/Local/Microsoft/TypeScript/4.1/node_modules/@types/imagemin-zopfli/index.d.ts'
[19:10:56.351] Adding entry into typings cache: 'imurmurhash' => 'C:/Users/Administrator/AppData/Local/Microsoft/TypeScript/4.1/node_modules/@types/imurmurhash/index.d.ts'
[19:10:56.369] Adding entry into typings cache: 'inherits' => 'C:/Users/Administrator/AppData/Local/Microsoft/TypeScript/4.1/node_modules/@types/inherits/index.d.ts'
[19:10:56.386] Adding entry into typings cache: 'ini' => 'C:/Users/Administrator/AppData/Local/Microsoft/TypeScript/4.1/node_modules/@types/ini/index.d.ts'
[19:10:56.395] Adding entry into typings cache: 'inquirer' => 'C:/Users/Administrator/AppData/Local/Microsoft/TypeScript/4.1/node_modules/@types/inquirer/index.d.ts'
[19:10:56.402] Adding entry into typings cache: 'invariant' => 'C:/Users/Administrator/AppData/Local/Microsoft/TypeScript/4.1/node_modules/@types/invariant/index.d.ts'
[19:10:56.407] Adding entry into typings cache: 'is-alphanumerical' => 'C:/Users/Administrator/AppData/Local/Microsoft/TypeScript/4.1/node_modules/@types/is-alphanumerical/index.d.ts'
[19:10:56.415] Adding entry into typings cache: 'is-buffer' => 'C:/Users/Administrator/AppData/Local/Microsoft/TypeScript/4.1/node_modules/@types/is-buffer/index.d.ts'
[19:10:56.420] Adding entry into typings cache: 'is-callable' => 'C:/Users/Administrator/AppData/Local/Microsoft/TypeScript/4.1/node_modules/@types/is-callable/index.d.ts'
[19:10:56.428] Adding entry into typings cache: 'is-ci' => 'C:/Users/Administrator/AppData/Local/Microsoft/TypeScript/4.1/node_modules/@types/is-ci/index.d.ts'
[19:10:56.435] Adding entry into typings cache: 'is-core-module' => 'C:/Users/Administrator/AppData/Local/Microsoft/TypeScript/4.1/node_modules/@types/is-core-module/index.d.ts'
[19:10:56.442] Adding entry into typings cache: 'is-date-object' => 'C:/Users/Administrator/AppData/Local/Microsoft/TypeScript/4.1/node_modules/@types/is-date-object/index.d.ts'
[19:10:56.448] Adding entry into typings cache: 'is-finite' => 'C:/Users/Administrator/AppData/Local/Microsoft/TypeScript/4.1/node_modules/@types/is-finite/index.d.ts'
[19:10:56.452] Adding entry into typings cache: 'is-generator-function' => 'C:/Users/Administrator/AppData/Local/Microsoft/TypeScript/4.1/node_modules/@types/is-generator-function/index.d.ts'
[19:10:56.460] Adding entry into typings cache: 'is-glob' => 'C:/Users/Administrator/AppData/Local/Microsoft/TypeScript/4.1/node_modules/@types/is-glob/index.d.ts'
[19:10:56.464] Adding entry into typings cache: 'is-natural-number' => 'C:/Users/Administrator/AppData/Local/Microsoft/TypeScript/4.1/node_modules/@types/is-natural-number/index.d.ts'
[19:10:56.471] Adding entry into typings cache: 'is-number' => 'C:/Users/Administrator/AppData/Local/Microsoft/TypeScript/4.1/node_modules/@types/is-number/index.d.ts'
[19:10:56.476] Adding entry into typings cache: 'is-object' => 'C:/Users/Administrator/AppData/Local/Microsoft/TypeScript/4.1/node_modules/@types/is-object/index.d.ts'
[19:10:56.480] Adding entry into typings cache: 'is-regex' => 'C:/Users/Administrator/AppData/Local/Microsoft/TypeScript/4.1/node_modules/@types/is-regex/index.d.ts'
[19:10:56.484] Adding entry into typings cache: 'is-typedarray' => 'C:/Users/Administrator/AppData/Local/Microsoft/TypeScript/4.1/node_modules/@types/is-typedarray/index.d.ts'
[19:10:56.492] Adding entry into typings cache: 'is-utf8' => 'C:/Users/Administrator/AppData/Local/Microsoft/TypeScript/4.1/node_modules/@types/is-utf8/index.d.ts'
[19:10:56.513] Adding entry into typings cache: 'is-windows' => 'C:/Users/Administrator/AppData/Local/Microsoft/TypeScript/4.1/node_modules/@types/is-windows/index.d.ts'
[19:10:56.524] Adding entry into typings cache: 'isarray' => 'C:/Users/Administrator/AppData/Local/Microsoft/TypeScript/4.1/node_modules/@types/isarray/index.d.ts'
[19:10:56.531] Adding entry into typings cache: 'isexe' => 'C:/Users/Administrator/AppData/Local/Microsoft/TypeScript/4.1/node_modules/@types/isexe/index.d.ts'
[19:10:56.538] Adding entry into typings cache: 'isstream' => 'C:/Users/Administrator/AppData/Local/Microsoft/TypeScript/4.1/node_modules/@types/isstream/index.d.ts'
[19:10:56.546] Adding entry into typings cache: 'js-yaml' => 'C:/Users/Administrator/AppData/Local/Microsoft/TypeScript/4.1/node_modules/@types/js-yaml/index.d.ts'
[19:10:56.553] Adding entry into typings cache: 'jsbn' => 'C:/Users/Administrator/AppData/Local/Microsoft/TypeScript/4.1/node_modules/@types/jsbn/index.d.ts'
[19:10:56.560] Adding entry into typings cache: 'jsdom' => 'C:/Users/Administrator/AppData/Local/Microsoft/TypeScript/4.1/node_modules/@types/jsdom/index.d.ts'
[19:10:56.568] Adding entry into typings cache: 'jsesc' => 'C:/Users/Administrator/AppData/Local/Microsoft/TypeScript/4.1/node_modules/@types/jsesc/index.d.ts'
[19:10:56.575] Adding entry into typings cache: 'json-buffer' => 'C:/Users/Administrator/AppData/Local/Microsoft/TypeScript/4.1/node_modules/@types/json-buffer/index.d.ts'
[19:10:56.589] Adding entry into typings cache: 'json-parse-better-errors' => 'C:/Users/Administrator/AppData/Local/Microsoft/TypeScript/4.1/node_modules/@types/json-parse-better-errors/index.d.ts'
[19:10:56.598] Adding entry into typings cache: 'json-schema' => 'C:/Users/Administrator/AppData/Local/Microsoft/TypeScript/4.1/node_modules/@types/json-schema/index.d.ts'
[19:10:56.618] Adding entry into typings cache: 'json-stringify-safe' => 'C:/Users/Administrator/AppData/Local/Microsoft/TypeScript/4.1/node_modules/@types/json-stringify-safe/index.d.ts'
[19:10:56.625] Adding entry into typings cache: 'jsonfile' => 'C:/Users/Administrator/AppData/Local/Microsoft/TypeScript/4.1/node_modules/@types/jsonfile/index.d.ts'
[19:10:56.631] Adding entry into typings cache: 'keygrip' => 'C:/Users/Administrator/AppData/Local/Microsoft/TypeScript/4.1/node_modules/@types/keygrip/index.d.ts'
[19:10:56.635] Adding entry into typings cache: 'keyv' => 'C:/Users/Administrator/AppData/Local/Microsoft/TypeScript/4.1/node_modules/@types/keyv/index.d.ts'
[19:10:56.646] Adding entry into typings cache: 'kind-of' => 'C:/Users/Administrator/AppData/Local/Microsoft/TypeScript/4.1/node_modules/@types/kind-of/index.d.ts'
[19:10:56.651] Adding entry into typings cache: 'koa' => 'C:/Users/Administrator/AppData/Local/Microsoft/TypeScript/4.1/node_modules/@types/koa/index.d.ts'
[19:10:56.655] Adding entry into typings cache: 'koa-compose' => 'C:/Users/Administrator/AppData/Local/Microsoft/TypeScript/4.1/node_modules/@types/koa-compose/index.d.ts'
[19:10:56.659] Adding entry into typings cache: 'koa-conditional-get' => 'C:/Users/Administrator/AppData/Local/Microsoft/TypeScript/4.1/node_modules/@types/koa-conditional-get/index.d.ts'
[19:10:56.664] Adding entry into typings cache: 'koa-convert' => 'C:/Users/Administrator/AppData/Local/Microsoft/TypeScript/4.1/node_modules/@types/koa-convert/index.d.ts'
[19:10:56.670] Adding entry into typings cache: 'koa-etag' => 'C:/Users/Administrator/AppData/Local/Microsoft/TypeScript/4.1/node_modules/@types/koa-etag/index.d.ts'
[19:10:56.678] Adding entry into typings cache: 'koa-send' => 'C:/Users/Administrator/AppData/Local/Microsoft/TypeScript/4.1/node_modules/@types/koa-send/index.d.ts'
[19:10:56.685] Adding entry into typings cache: 'koa-static' => 'C:/Users/Administrator/AppData/Local/Microsoft/TypeScript/4.1/node_modules/@types/koa-static/index.d.ts'
[19:10:56.695] Adding entry into typings cache: 'loader-runner' => 'C:/Users/Administrator/AppData/Local/Microsoft/TypeScript/4.1/node_modules/@types/loader-runner/index.d.ts'
[19:10:56.700] Adding entry into typings cache: 'loader-utils' => 'C:/Users/Administrator/AppData/Local/Microsoft/TypeScript/4.1/node_modules/@types/loader-utils/index.d.ts'
[19:10:56.705] Adding entry into typings cache: 'lodash' => 'C:/Users/Administrator/AppData/Local/Microsoft/TypeScript/4.1/node_modules/@types/lodash/index.d.ts'
[19:10:56.712] Adding entry into typings cache: 'lodash.assignin' => 'C:/Users/Administrator/AppData/Local/Microsoft/TypeScript/4.1/node_modules/@types/lodash.assignin/index.d.ts'
[19:10:56.719] Adding entry into typings cache: 'lodash.bind' => 'C:/Users/Administrator/AppData/Local/Microsoft/TypeScript/4.1/node_modules/@types/lodash.bind/index.d.ts'
[19:10:56.729] Adding entry into typings cache: 'lodash.camelcase' => 'C:/Users/Administrator/AppData/Local/Microsoft/TypeScript/4.1/node_modules/@types/lodash.camelcase/index.d.ts'
[19:10:56.736] Adding entry into typings cache: 'lodash.defaults' => 'C:/Users/Administrator/AppData/Local/Microsoft/TypeScript/4.1/node_modules/@types/lodash.defaults/index.d.ts'
[19:10:56.754] Adding entry into typings cache: 'lodash.filter' => 'C:/Users/Administrator/AppData/Local/Microsoft/TypeScript/4.1/node_modules/@types/lodash.filter/index.d.ts'
[19:10:56.760] Adding entry into typings cache: 'lodash.flatten' => 'C:/Users/Administrator/AppData/Local/Microsoft/TypeScript/4.1/node_modules/@types/lodash.flatten/index.d.ts'
[19:10:56.767] Adding entry into typings cache: 'lodash.foreach' => 'C:/Users/Administrator/AppData/Local/Microsoft/TypeScript/4.1/node_modules/@types/lodash.foreach/index.d.ts'
[19:10:56.774] Adding entry into typings cache: 'lodash.merge' => 'C:/Users/Administrator/AppData/Local/Microsoft/TypeScript/4.1/node_modules/@types/lodash.merge/index.d.ts'
[19:10:56.780] Adding entry into typings cache: 'lodash.pick' => 'C:/Users/Administrator/AppData/Local/Microsoft/TypeScript/4.1/node_modules/@types/lodash.pick/index.d.ts'
[19:10:56.789] Adding entry into typings cache: 'lodash.reduce' => 'C:/Users/Administrator/AppData/Local/Microsoft/TypeScript/4.1/node_modules/@types/lodash.reduce/index.d.ts'
[19:10:56.797] Adding entry into typings cache: 'lodash.reject' => 'C:/Users/Administrator/AppData/Local/Microsoft/TypeScript/4.1/node_modules/@types/lodash.reject/index.d.ts'
[19:10:56.804] Adding entry into typings cache: 'lodash.some' => 'C:/Users/Administrator/AppData/Local/Microsoft/TypeScript/4.1/node_modules/@types/lodash.some/index.d.ts'
[19:10:56.809] Adding entry into typings cache: 'lodash.sortby' => 'C:/Users/Administrator/AppData/Local/Microsoft/TypeScript/4.1/node_modules/@types/lodash.sortby/index.d.ts'
[19:10:56.814] Adding entry into typings cache: 'lru-cache' => 'C:/Users/Administrator/AppData/Local/Microsoft/TypeScript/4.1/node_modules/@types/lru-cache/index.d.ts'
[19:10:56.818] Adding entry into typings cache: 'marked' => 'C:/Users/Administrator/AppData/Local/Microsoft/TypeScript/4.1/node_modules/@types/marked/index.d.ts'
[19:10:56.823] Adding entry into typings cache: 'media-typer' => 'C:/Users/Administrator/AppData/Local/Microsoft/TypeScript/4.1/node_modules/@types/media-typer/index.d.ts'
[19:10:56.830] Adding entry into typings cache: 'memory-fs' => 'C:/Users/Administrator/AppData/Local/Microsoft/TypeScript/4.1/node_modules/@types/memory-fs/index.d.ts'
[19:10:56.836] Adding entry into typings cache: 'meow' => 'C:/Users/Administrator/AppData/Local/Microsoft/TypeScript/4.1/node_modules/@types/meow/index.d.ts'
[19:10:56.842] Adding entry into typings cache: 'merge-stream' => 'C:/Users/Administrator/AppData/Local/Microsoft/TypeScript/4.1/node_modules/@types/merge-stream/index.d.ts'
[19:10:56.846] Adding entry into typings cache: 'merge2' => 'C:/Users/Administrator/AppData/Local/Microsoft/TypeScript/4.1/node_modules/@types/merge2/index.d.ts'
[19:10:56.852] Adding entry into typings cache: 'micromatch' => 'C:/Users/Administrator/AppData/Local/Microsoft/TypeScript/4.1/node_modules/@types/micromatch/index.d.ts'
[19:10:56.856] Adding entry into typings cache: 'mime' => 'C:/Users/Administrator/AppData/Local/Microsoft/TypeScript/4.1/node_modules/@types/mime/index.d.ts'
[19:10:56.861] Adding entry into typings cache: 'mime-db' => 'C:/Users/Administrator/AppData/Local/Microsoft/TypeScript/4.1/node_modules/@types/mime-db/index.d.ts'
[19:10:56.866] Adding entry into typings cache: 'mime-types' => 'C:/Users/Administrator/AppData/Local/Microsoft/TypeScript/4.1/node_modules/@types/mime-types/index.d.ts'
[19:10:56.871] Adding entry into typings cache: 'minimalistic-assert' => 'C:/Users/Administrator/AppData/Local/Microsoft/TypeScript/4.1/node_modules/@types/minimalistic-assert/index.d.ts'
[19:10:56.875] Adding entry into typings cache: 'minimatch' => 'C:/Users/Administrator/AppData/Local/Microsoft/TypeScript/4.1/node_modules/@types/minimatch/index.d.ts'
[19:10:56.879] Adding entry into typings cache: 'minimist' => 'C:/Users/Administrator/AppData/Local/Microsoft/TypeScript/4.1/node_modules/@types/minimist/index.d.ts'
[19:10:56.882] Adding entry into typings cache: 'minipass' => 'C:/Users/Administrator/AppData/Local/Microsoft/TypeScript/4.1/node_modules/@types/minipass/index.d.ts'
[19:10:56.886] Adding entry into typings cache: 'mkdirp' => 'C:/Users/Administrator/AppData/Local/Microsoft/TypeScript/4.1/node_modules/@types/mkdirp/index.d.ts'
[19:10:56.891] Adding entry into typings cache: 'move-concurrently' => 'C:/Users/Administrator/AppData/Local/Microsoft/TypeScript/4.1/node_modules/@types/move-concurrently/index.d.ts'
[19:10:56.897] Adding entry into typings cache: 'ms' => 'C:/Users/Administrator/AppData/Local/Microsoft/TypeScript/4.1/node_modules/@types/ms/index.d.ts'
[19:10:56.900] Adding entry into typings cache: 'mute-stream' => 'C:/Users/Administrator/AppData/Local/Microsoft/TypeScript/4.1/node_modules/@types/mute-stream/index.d.ts'
[19:10:56.905] Adding entry into typings cache: 'mz' => 'C:/Users/Administrator/AppData/Local/Microsoft/TypeScript/4.1/node_modules/@types/mz/index.d.ts'
[19:10:56.909] Adding entry into typings cache: 'negotiator' => 'C:/Users/Administrator/AppData/Local/Microsoft/TypeScript/4.1/node_modules/@types/negotiator/index.d.ts'
[19:10:56.913] Adding entry into typings cache: 'next-tick' => 'C:/Users/Administrator/AppData/Local/Microsoft/TypeScript/4.1/node_modules/@types/next-tick/index.d.ts'
[19:10:56.917] Adding entry into typings cache: 'nice-try' => 'C:/Users/Administrator/AppData/Local/Microsoft/TypeScript/4.1/node_modules/@types/nice-try/index.d.ts'
[19:10:56.923] Adding entry into typings cache: 'node-abi' => 'C:/Users/Administrator/AppData/Local/Microsoft/TypeScript/4.1/node_modules/@types/node-abi/index.d.ts'
[19:10:56.928] Adding entry into typings cache: 'node-fetch' => 'C:/Users/Administrator/AppData/Local/Microsoft/TypeScript/4.1/node_modules/@types/node-fetch/index.d.ts'
[19:10:56.931] Adding entry into typings cache: 'node-forge' => 'C:/Users/Administrator/AppData/Local/Microsoft/TypeScript/4.1/node_modules/@types/node-forge/index.d.ts'
[19:10:56.936] Adding entry into typings cache: 'normalize-package-data' => 'C:/Users/Administrator/AppData/Local/Microsoft/TypeScript/4.1/node_modules/@types/normalize-package-data/index.d.ts'
[19:10:56.942] Adding entry into typings cache: 'normalize-path' => 'C:/Users/Administrator/AppData/Local/Microsoft/TypeScript/4.1/node_modules/@types/normalize-path/index.d.ts'
[19:10:56.946] Adding entry into typings cache: 'npmlog' => 'C:/Users/Administrator/AppData/Local/Microsoft/TypeScript/4.1/node_modules/@types/npmlog/index.d.ts'
[19:10:56.950] Adding entry into typings cache: 'number-is-nan' => 'C:/Users/Administrator/AppData/Local/Microsoft/TypeScript/4.1/node_modules/@types/number-is-nan/index.d.ts'
[19:10:56.955] Adding entry into typings cache: 'object-assign' => 'C:/Users/Administrator/AppData/Local/Microsoft/TypeScript/4.1/node_modules/@types/object-assign/index.d.ts'
[19:10:56.958] Adding entry into typings cache: 'object-inspect' => 'C:/Users/Administrator/AppData/Local/Microsoft/TypeScript/4.1/node_modules/@types/object-inspect/index.d.ts'
[19:10:56.962] Adding entry into typings cache: 'object-keys' => 'C:/Users/Administrator/AppData/Local/Microsoft/TypeScript/4.1/node_modules/@types/object-keys/index.d.ts'
[19:10:56.966] Adding entry into typings cache: 'object-path' => 'C:/Users/Administrator/AppData/Local/Microsoft/TypeScript/4.1/node_modules/@types/object-path/index.d.ts'
[19:10:56.970] Adding entry into typings cache: 'object.getownpropertydescriptors' => 'C:/Users/Administrator/AppData/Local/Microsoft/TypeScript/4.1/node_modules/@types/object.getownpropertydescriptors/index.d.ts'
[19:10:56.976] Adding entry into typings cache: 'object.pick' => 'C:/Users/Administrator/AppData/Local/Microsoft/TypeScript/4.1/node_modules/@types/object.pick/index.d.ts'
[19:10:56.980] Adding entry into typings cache: 'on-finished' => 'C:/Users/Administrator/AppData/Local/Microsoft/TypeScript/4.1/node_modules/@types/on-finished/index.d.ts'
[19:10:56.984] Adding entry into typings cache: 'once' => 'C:/Users/Administrator/AppData/Local/Microsoft/TypeScript/4.1/node_modules/@types/once/index.d.ts'
[19:10:56.988] Adding entry into typings cache: 'os-tmpdir' => 'C:/Users/Administrator/AppData/Local/Microsoft/TypeScript/4.1/node_modules/@types/os-tmpdir/index.d.ts'
[19:10:56.993] Adding entry into typings cache: 'pako' => 'C:/Users/Administrator/AppData/Local/Microsoft/TypeScript/4.1/node_modules/@types/pako/index.d.ts'
[19:10:56.997] Adding entry into typings cache: 'parallel-transform' => 'C:/Users/Administrator/AppData/Local/Microsoft/TypeScript/4.1/node_modules/@types/parallel-transform/index.d.ts'
[19:10:57.001] Adding entry into typings cache: 'parse-json' => 'C:/Users/Administrator/AppData/Local/Microsoft/TypeScript/4.1/node_modules/@types/parse-json/index.d.ts'
[19:10:57.005] Adding entry into typings cache: 'parse5' => 'C:/Users/Administrator/AppData/Local/Microsoft/TypeScript/4.1/node_modules/@types/parse5/index.d.ts'
[19:10:57.009] Adding entry into typings cache: 'parse5-htmlparser2-tree-adapter' => 'C:/Users/Administrator/AppData/Local/Microsoft/TypeScript/4.1/node_modules/@types/parse5-htmlparser2-tree-adapter/index.d.ts'
[19:10:57.014] Adding entry into typings cache: 'parseurl' => 'C:/Users/Administrator/AppData/Local/Microsoft/TypeScript/4.1/node_modules/@types/parseurl/index.d.ts'
[19:10:57.024] Adding entry into typings cache: 'pascalcase' => 'C:/Users/Administrator/AppData/Local/Microsoft/TypeScript/4.1/node_modules/@types/pascalcase/index.d.ts'
[19:10:57.030] Adding entry into typings cache: 'path-is-absolute' => 'C:/Users/Administrator/AppData/Local/Microsoft/TypeScript/4.1/node_modules/@types/path-is-absolute/index.d.ts'
[19:10:57.035] Adding entry into typings cache: 'path-parse' => 'C:/Users/Administrator/AppData/Local/Microsoft/TypeScript/4.1/node_modules/@types/path-parse/index.d.ts'
[19:10:57.041] Adding entry into typings cache: 'pbkdf2' => 'C:/Users/Administrator/AppData/Local/Microsoft/TypeScript/4.1/node_modules/@types/pbkdf2/index.d.ts'
[19:10:57.048] Adding entry into typings cache: 'picomatch' => 'C:/Users/Administrator/AppData/Local/Microsoft/TypeScript/4.1/node_modules/@types/picomatch/index.d.ts'
[19:10:57.052] Adding entry into typings cache: 'pify' => 'C:/Users/Administrator/AppData/Local/Microsoft/TypeScript/4.1/node_modules/@types/pify/index.d.ts'
[19:10:57.056] Adding entry into typings cache: 'platform' => 'C:/Users/Administrator/AppData/Local/Microsoft/TypeScript/4.1/node_modules/@types/platform/index.d.ts'
[19:10:57.060] Adding entry into typings cache: 'pngquant-bin' => 'C:/Users/Administrator/AppData/Local/Microsoft/TypeScript/4.1/node_modules/@types/pngquant-bin/index.d.ts'
[19:10:57.064] Adding entry into typings cache: 'postcss-import' => 'C:/Users/Administrator/AppData/Local/Microsoft/TypeScript/4.1/node_modules/@types/postcss-import/index.d.ts'
[19:10:57.069] Adding entry into typings cache: 'postcss-modules-extract-imports' => 'C:/Users/Administrator/AppData/Local/Microsoft/TypeScript/4.1/node_modules/@types/postcss-modules-extract-imports/index.d.ts'
[19:10:57.073] Adding entry into typings cache: 'postcss-modules-local-by-default' => 'C:/Users/Administrator/AppData/Local/Microsoft/TypeScript/4.1/node_modules/@types/postcss-modules-local-by-default/index.d.ts'
[19:10:57.078] Adding entry into typings cache: 'postcss-modules-scope' => 'C:/Users/Administrator/AppData/Local/Microsoft/TypeScript/4.1/node_modules/@types/postcss-modules-scope/index.d.ts'
[19:10:57.083] Adding entry into typings cache: 'postcss-modules-values' => 'C:/Users/Administrator/AppData/Local/Microsoft/TypeScript/4.1/node_modules/@types/postcss-modules-values/index.d.ts'
[19:10:57.087] Adding entry into typings cache: 'postcss-safe-parser' => 'C:/Users/Administrator/AppData/Local/Microsoft/TypeScript/4.1/node_modules/@types/postcss-safe-parser/index.d.ts'
[19:10:57.091] Adding entry into typings cache: 'prelude-ls' => 'C:/Users/Administrator/AppData/Local/Microsoft/TypeScript/4.1/node_modules/@types/prelude-ls/index.d.ts'
[19:10:57.096] Adding entry into typings cache: 'prettier' => 'C:/Users/Administrator/AppData/Local/Microsoft/TypeScript/4.1/node_modules/@types/prettier/index.d.ts'
[19:10:57.103] Adding entry into typings cache: 'promise-inflight' => 'C:/Users/Administrator/AppData/Local/Microsoft/TypeScript/4.1/node_modules/@types/promise-inflight/index.d.ts'
[19:10:57.110] Adding entry into typings cache: 'prop-types' => 'C:/Users/Administrator/AppData/Local/Microsoft/TypeScript/4.1/node_modules/@types/prop-types/index.d.ts'
[19:10:57.114] Adding entry into typings cache: 'psl' => 'C:/Users/Administrator/AppData/Local/Microsoft/TypeScript/4.1/node_modules/@types/psl/index.d.ts'
[19:10:57.119] Adding entry into typings cache: 'pump' => 'C:/Users/Administrator/AppData/Local/Microsoft/TypeScript/4.1/node_modules/@types/pump/index.d.ts'
[19:10:57.123] Adding entry into typings cache: 'pumpify' => 'C:/Users/Administrator/AppData/Local/Microsoft/TypeScript/4.1/node_modules/@types/pumpify/index.d.ts'
[19:10:57.134] Adding entry into typings cache: 'punycode' => 'C:/Users/Administrator/AppData/Local/Microsoft/TypeScript/4.1/node_modules/@types/punycode/index.d.ts'
[19:10:57.140] Adding entry into typings cache: 'q' => 'C:/Users/Administrator/AppData/Local/Microsoft/TypeScript/4.1/node_modules/@types/q/index.d.ts'
[19:10:57.145] Adding entry into typings cache: 'qs' => 'C:/Users/Administrator/AppData/Local/Microsoft/TypeScript/4.1/node_modules/@types/qs/index.d.ts'
[19:10:57.151] Adding entry into typings cache: 'querystringify' => 'C:/Users/Administrator/AppData/Local/Microsoft/TypeScript/4.1/node_modules/@types/querystringify/index.d.ts'
[19:10:57.163] Adding entry into typings cache: 'ramda' => 'C:/Users/Administrator/AppData/Local/Microsoft/TypeScript/4.1/node_modules/@types/ramda/index.d.ts'
[19:10:57.173] Adding entry into typings cache: 'randombytes' => 'C:/Users/Administrator/AppData/Local/Microsoft/TypeScript/4.1/node_modules/@types/randombytes/index.d.ts'
[19:10:57.181] Adding entry into typings cache: 'rc' => 'C:/Users/Administrator/AppData/Local/Microsoft/TypeScript/4.1/node_modules/@types/rc/index.d.ts'
[19:10:57.188] Adding entry into typings cache: 'react' => 'C:/Users/Administrator/AppData/Local/Microsoft/TypeScript/4.1/node_modules/@types/react/index.d.ts'
[19:10:57.193] Adding entry into typings cache: 'react-dom' => 'C:/Users/Administrator/AppData/Local/Microsoft/TypeScript/4.1/node_modules/@types/react-dom/index.d.ts'
[19:10:57.198] Adding entry into typings cache: 'react-is' => 'C:/Users/Administrator/AppData/Local/Microsoft/TypeScript/4.1/node_modules/@types/react-is/index.d.ts'
[19:10:57.207] Adding entry into typings cache: 'readable-stream' => 'C:/Users/Administrator/AppData/Local/Microsoft/TypeScript/4.1/node_modules/@types/readable-stream/index.d.ts'
[19:10:57.213] Adding entry into typings cache: 'regenerator-runtime' => 'C:/Users/Administrator/AppData/Local/Microsoft/TypeScript/4.1/node_modules/@types/regenerator-runtime/index.d.ts'
[19:10:57.219] Adding entry into typings cache: 'registry-auth-token' => 'C:/Users/Administrator/AppData/Local/Microsoft/TypeScript/4.1/node_modules/@types/registry-auth-token/index.d.ts'
[19:10:57.229] Adding entry into typings cache: 'repeat-element' => 'C:/Users/Administrator/AppData/Local/Microsoft/TypeScript/4.1/node_modules/@types/repeat-element/index.d.ts'
[19:10:57.239] Adding entry into typings cache: 'repeat-string' => 'C:/Users/Administrator/AppData/Local/Microsoft/TypeScript/4.1/node_modules/@types/repeat-string/index.d.ts'
[19:10:57.246] Adding entry into typings cache: 'repeating' => 'C:/Users/Administrator/AppData/Local/Microsoft/TypeScript/4.1/node_modules/@types/repeating/index.d.ts'
[19:10:57.252] Adding entry into typings cache: 'replace-ext' => 'C:/Users/Administrator/AppData/Local/Microsoft/TypeScript/4.1/node_modules/@types/replace-ext/index.d.ts'
[19:10:57.260] Adding entry into typings cache: 'request' => 'C:/Users/Administrator/AppData/Local/Microsoft/TypeScript/4.1/node_modules/@types/request/index.d.ts'
[19:10:57.268] Adding entry into typings cache: 'request-promise-native' => 'C:/Users/Administrator/AppData/Local/Microsoft/TypeScript/4.1/node_modules/@types/request-promise-native/index.d.ts'
[19:10:57.274] Adding entry into typings cache: 'require-directory' => 'C:/Users/Administrator/AppData/Local/Microsoft/TypeScript/4.1/node_modules/@types/require-directory/index.d.ts'
[19:10:57.282] Adding entry into typings cache: 'requires-port' => 'C:/Users/Administrator/AppData/Local/Microsoft/TypeScript/4.1/node_modules/@types/requires-port/index.d.ts'
[19:10:57.288] Adding entry into typings cache: 'resolve' => 'C:/Users/Administrator/AppData/Local/Microsoft/TypeScript/4.1/node_modules/@types/resolve/index.d.ts'
[19:10:57.295] Adding entry into typings cache: 'resolve-path' => 'C:/Users/Administrator/AppData/Local/Microsoft/TypeScript/4.1/node_modules/@types/resolve-path/index.d.ts'
[19:10:57.301] Adding entry into typings cache: 'responselike' => 'C:/Users/Administrator/AppData/Local/Microsoft/TypeScript/4.1/node_modules/@types/responselike/index.d.ts'
[19:10:57.306] Adding entry into typings cache: 'rimraf' => 'C:/Users/Administrator/AppData/Local/Microsoft/TypeScript/4.1/node_modules/@types/rimraf/index.d.ts'
[19:10:57.312] Adding entry into typings cache: 'ripemd160' => 'C:/Users/Administrator/AppData/Local/Microsoft/TypeScript/4.1/node_modules/@types/ripemd160/index.d.ts'
[19:10:57.316] Adding entry into typings cache: 'run-parallel' => 'C:/Users/Administrator/AppData/Local/Microsoft/TypeScript/4.1/node_modules/@types/run-parallel/index.d.ts'
[19:10:57.324] Adding entry into typings cache: 'safe-regex' => 'C:/Users/Administrator/AppData/Local/Microsoft/TypeScript/4.1/node_modules/@types/safe-regex/index.d.ts'
[19:10:57.331] Adding entry into typings cache: 'safer-buffer' => 'C:/Users/Administrator/AppData/Local/Microsoft/TypeScript/4.1/node_modules/@types/safer-buffer/index.d.ts'
[19:10:57.337] Adding entry into typings cache: 'sass' => 'C:/Users/Administrator/AppData/Local/Microsoft/TypeScript/4.1/node_modules/@types/sass/index.d.ts'
[19:10:57.341] Adding entry into typings cache: 'sass-loader' => 'C:/Users/Administrator/AppData/Local/Microsoft/TypeScript/4.1/node_modules/@types/sass-loader/index.d.ts'
[19:10:57.347] Adding entry into typings cache: 'sax' => 'C:/Users/Administrator/AppData/Local/Microsoft/TypeScript/4.1/node_modules/@types/sax/index.d.ts'
[19:10:57.352] Adding entry into typings cache: 'scheduler' => 'C:/Users/Administrator/AppData/Local/Microsoft/TypeScript/4.1/node_modules/@types/scheduler/index.d.ts'
[19:10:57.356] Adding entry into typings cache: 'semver' => 'C:/Users/Administrator/AppData/Local/Microsoft/TypeScript/4.1/node_modules/@types/semver/index.d.ts'
[19:10:57.365] Adding entry into typings cache: 'serialize-javascript' => 'C:/Users/Administrator/AppData/Local/Microsoft/TypeScript/4.1/node_modules/@types/serialize-javascript/index.d.ts'
[19:10:57.372] Adding entry into typings cache: 'set-value' => 'C:/Users/Administrator/AppData/Local/Microsoft/TypeScript/4.1/node_modules/@types/set-value/index.d.ts'
[19:10:57.376] Adding entry into typings cache: 'setimmediate' => 'C:/Users/Administrator/AppData/Local/Microsoft/TypeScript/4.1/node_modules/@types/setimmediate/index.d.ts'
[19:10:57.382] Adding entry into typings cache: 'sha.js' => 'C:/Users/Administrator/AppData/Local/Microsoft/TypeScript/4.1/node_modules/@types/sha.js/index.d.ts'
[19:10:57.386] Adding entry into typings cache: 'sharp' => 'C:/Users/Administrator/AppData/Local/Microsoft/TypeScript/4.1/node_modules/@types/sharp/index.d.ts'
[19:10:57.390] Adding entry into typings cache: 'shebang-command' => 'C:/Users/Administrator/AppData/Local/Microsoft/TypeScript/4.1/node_modules/@types/shebang-command/index.d.ts'
[19:10:57.394] Adding entry into typings cache: 'shell-quote' => 'C:/Users/Administrator/AppData/Local/Microsoft/TypeScript/4.1/node_modules/@types/shell-quote/index.d.ts'
[19:10:57.398] Adding entry into typings cache: 'signal-exit' => 'C:/Users/Administrator/AppData/Local/Microsoft/TypeScript/4.1/node_modules/@types/signal-exit/index.d.ts'
[19:10:57.403] Adding entry into typings cache: 'source-list-map' => 'C:/Users/Administrator/AppData/Local/Microsoft/TypeScript/4.1/node_modules/@types/source-list-map/index.d.ts'
[19:10:57.409] Adding entry into typings cache: 'source-map-support' => 'C:/Users/Administrator/AppData/Local/Microsoft/TypeScript/4.1/node_modules/@types/source-map-support/index.d.ts'
[19:10:57.413] Adding entry into typings cache: 'spdx-correct' => 'C:/Users/Administrator/AppData/Local/Microsoft/TypeScript/4.1/node_modules/@types/spdx-correct/index.d.ts'
[19:10:57.416] Adding entry into typings cache: 'spdx-expression-parse' => 'C:/Users/Administrator/AppData/Local/Microsoft/TypeScript/4.1/node_modules/@types/spdx-expression-parse/index.d.ts'
[19:10:57.420] Adding entry into typings cache: 'sprintf' => 'C:/Users/Administrator/AppData/Local/Microsoft/TypeScript/4.1/node_modules/@types/sprintf/index.d.ts'
[19:10:57.427] Adding entry into typings cache: 'sprintf-js' => 'C:/Users/Administrator/AppData/Local/Microsoft/TypeScript/4.1/node_modules/@types/sprintf-js/index.d.ts'
[19:10:57.432] Adding entry into typings cache: 'sshpk' => 'C:/Users/Administrator/AppData/Local/Microsoft/TypeScript/4.1/node_modules/@types/sshpk/index.d.ts'
[19:10:57.435] Adding entry into typings cache: 'ssri' => 'C:/Users/Administrator/AppData/Local/Microsoft/TypeScript/4.1/node_modules/@types/ssri/index.d.ts'
[19:10:57.439] Adding entry into typings cache: 'statuses' => 'C:/Users/Administrator/AppData/Local/Microsoft/TypeScript/4.1/node_modules/@types/statuses/index.d.ts'
[19:10:57.442] Adding entry into typings cache: 'stream-each' => 'C:/Users/Administrator/AppData/Local/Microsoft/TypeScript/4.1/node_modules/@types/stream-each/index.d.ts'
[19:10:57.446] Adding entry into typings cache: 'stream-shift' => 'C:/Users/Administrator/AppData/Local/Microsoft/TypeScript/4.1/node_modules/@types/stream-shift/index.d.ts'
[19:10:57.450] Adding entry into typings cache: 'strict-uri-encode' => 'C:/Users/Administrator/AppData/Local/Microsoft/TypeScript/4.1/node_modules/@types/strict-uri-encode/index.d.ts'
[19:10:57.454] Adding entry into typings cache: 'string-hash' => 'C:/Users/Administrator/AppData/Local/Microsoft/TypeScript/4.1/node_modules/@types/string-hash/index.d.ts'
[19:10:57.458] Adding entry into typings cache: 'styled-jsx' => 'C:/Users/Administrator/AppData/Local/Microsoft/TypeScript/4.1/node_modules/@types/styled-jsx/index.d.ts'
[19:10:57.463] Adding entry into typings cache: 'supports-color' => 'C:/Users/Administrator/AppData/Local/Microsoft/TypeScript/4.1/node_modules/@types/supports-color/index.d.ts'
[19:10:57.467] Adding entry into typings cache: 'svgo' => 'C:/Users/Administrator/AppData/Local/Microsoft/TypeScript/4.1/node_modules/@types/svgo/index.d.ts'
[19:10:57.470] Adding entry into typings cache: 'symbol-tree' => 'C:/Users/Administrator/AppData/Local/Microsoft/TypeScript/4.1/node_modules/@types/symbol-tree/index.d.ts'
[19:10:57.473] Adding entry into typings cache: 'tapable' => 'C:/Users/Administrator/AppData/Local/Microsoft/TypeScript/4.1/node_modules/tapable/tapable.d.ts'
[19:10:57.480] Adding entry into typings cache: 'tar' => 'C:/Users/Administrator/AppData/Local/Microsoft/TypeScript/4.1/node_modules/@types/tar/index.d.ts'
[19:10:57.484] Adding entry into typings cache: 'tar-fs' => 'C:/Users/Administrator/AppData/Local/Microsoft/TypeScript/4.1/node_modules/@types/tar-fs/index.d.ts'
[19:10:57.487] Adding entry into typings cache: 'tar-stream' => 'C:/Users/Administrator/AppData/Local/Microsoft/TypeScript/4.1/node_modules/@types/tar-stream/index.d.ts'
[19:10:57.494] Adding entry into typings cache: 'terser-webpack-plugin' => 'C:/Users/Administrator/AppData/Local/Microsoft/TypeScript/4.1/node_modules/@types/terser-webpack-plugin/index.d.ts'
[19:10:57.498] Adding entry into typings cache: 'through' => 'C:/Users/Administrator/AppData/Local/Microsoft/TypeScript/4.1/node_modules/@types/through/index.d.ts'
[19:10:57.502] Adding entry into typings cache: 'through2' => 'C:/Users/Administrator/AppData/Local/Microsoft/TypeScript/4.1/node_modules/@types/through2/index.d.ts'
[19:10:57.506] Adding entry into typings cache: 'tmp' => 'C:/Users/Administrator/AppData/Local/Microsoft/TypeScript/4.1/node_modules/@types/tmp/index.d.ts'
[19:10:57.510] Adding entry into typings cache: 'tough-cookie' => 'C:/Users/Administrator/AppData/Local/Microsoft/TypeScript/4.1/node_modules/@types/tough-cookie/index.d.ts'
[19:10:57.513] Adding entry into typings cache: 'traverse' => 'C:/Users/Administrator/AppData/Local/Microsoft/TypeScript/4.1/node_modules/@types/traverse/index.d.ts'
[19:10:57.517] Adding entry into typings cache: 'tsscmp' => 'C:/Users/Administrator/AppData/Local/Microsoft/TypeScript/4.1/node_modules/@types/tsscmp/index.d.ts'
[19:10:57.520] Adding entry into typings cache: 'type-check' => 'C:/Users/Administrator/AppData/Local/Microsoft/TypeScript/4.1/node_modules/@types/type-check/index.d.ts'
[19:10:57.525] Adding entry into typings cache: 'type-is' => 'C:/Users/Administrator/AppData/Local/Microsoft/TypeScript/4.1/node_modules/@types/type-is/index.d.ts'
[19:10:57.528] Adding entry into typings cache: 'uglify-js' => 'C:/Users/Administrator/AppData/Local/Microsoft/TypeScript/4.1/node_modules/@types/uglify-js/index.d.ts'
[19:10:57.532] Adding entry into typings cache: 'uniq' => 'C:/Users/Administrator/AppData/Local/Microsoft/TypeScript/4.1/node_modules/@types/uniq/index.d.ts'
[19:10:57.536] Adding entry into typings cache: 'universalify' => 'C:/Users/Administrator/AppData/Local/Microsoft/TypeScript/4.1/node_modules/@types/universalify/index.d.ts'
[19:10:57.539] Adding entry into typings cache: 'update-notifier' => 'C:/Users/Administrator/AppData/Local/Microsoft/TypeScript/4.1/node_modules/@types/update-notifier/index.d.ts'
[19:10:57.546] Adding entry into typings cache: 'urix' => 'C:/Users/Administrator/AppData/Local/Microsoft/TypeScript/4.1/node_modules/@types/urix/index.d.ts'
[19:10:57.551] Adding entry into typings cache: 'url-parse' => 'C:/Users/Administrator/AppData/Local/Microsoft/TypeScript/4.1/node_modules/@types/url-parse/index.d.ts'
[19:10:57.555] Adding entry into typings cache: 'use-subscription' => 'C:/Users/Administrator/AppData/Local/Microsoft/TypeScript/4.1/node_modules/@types/use-subscription/index.d.ts'
[19:10:57.563] Adding entry into typings cache: 'util-deprecate' => 'C:/Users/Administrator/AppData/Local/Microsoft/TypeScript/4.1/node_modules/@types/util-deprecate/index.d.ts'
[19:10:57.567] Adding entry into typings cache: 'util.promisify' => 'C:/Users/Administrator/AppData/Local/Microsoft/TypeScript/4.1/node_modules/@types/util.promisify/index.d.ts'
[19:10:57.571] Adding entry into typings cache: 'uuid' => 'C:/Users/Administrator/AppData/Local/Microsoft/TypeScript/4.1/node_modules/@types/uuid/index.d.ts'
[19:10:57.575] Adding entry into typings cache: 'validate-npm-package-license' => 'C:/Users/Administrator/AppData/Local/Microsoft/TypeScript/4.1/node_modules/@types/validate-npm-package-license/index.d.ts'
[19:10:57.579] Adding entry into typings cache: 'vary' => 'C:/Users/Administrator/AppData/Local/Microsoft/TypeScript/4.1/node_modules/@types/vary/index.d.ts'
[19:10:57.582] Adding entry into typings cache: 'verror' => 'C:/Users/Administrator/AppData/Local/Microsoft/TypeScript/4.1/node_modules/@types/verror/index.d.ts'
[19:10:57.586] Adding entry into typings cache: 'w3c-xmlserializer' => 'C:/Users/Administrator/AppData/Local/Microsoft/TypeScript/4.1/node_modules/@types/w3c-xmlserializer/index.d.ts'
[19:10:57.593] Adding entry into typings cache: 'watchpack' => 'C:/Users/Administrator/AppData/Local/Microsoft/TypeScript/4.1/node_modules/@types/watchpack/index.d.ts'
[19:10:57.596] Adding entry into typings cache: 'wcwidth' => 'C:/Users/Administrator/AppData/Local/Microsoft/TypeScript/4.1/node_modules/@types/wcwidth/index.d.ts'
[19:10:57.600] Adding entry into typings cache: 'webidl-conversions' => 'C:/Users/Administrator/AppData/Local/Microsoft/TypeScript/4.1/node_modules/@types/webidl-conversions/index.d.ts'
[19:10:57.606] Adding entry into typings cache: 'webpack' => 'C:/Users/Administrator/AppData/Local/Microsoft/TypeScript/4.1/node_modules/webpack/types.d.ts'
[19:10:57.611] Adding entry into typings cache: 'webpack-shell-plugin' => 'C:/Users/Administrator/AppData/Local/Microsoft/TypeScript/4.1/node_modules/@types/webpack-shell-plugin/index.d.ts'
[19:10:57.618] Adding entry into typings cache: 'webpack-sources' => 'C:/Users/Administrator/AppData/Local/Microsoft/TypeScript/4.1/node_modules/@types/webpack-sources/index.d.ts'
[19:10:57.622] Adding entry into typings cache: 'whatwg-encoding' => 'C:/Users/Administrator/AppData/Local/Microsoft/TypeScript/4.1/node_modules/@types/whatwg-encoding/index.d.ts'
[19:10:57.626] Adding entry into typings cache: 'whatwg-mimetype' => 'C:/Users/Administrator/AppData/Local/Microsoft/TypeScript/4.1/node_modules/@types/whatwg-mimetype/index.d.ts'
[19:10:57.629] Adding entry into typings cache: 'whatwg-url' => 'C:/Users/Administrator/AppData/Local/Microsoft/TypeScript/4.1/node_modules/@types/whatwg-url/index.d.ts'
[19:10:57.633] Adding entry into typings cache: 'which' => 'C:/Users/Administrator/AppData/Local/Microsoft/TypeScript/4.1/node_modules/@types/which/index.d.ts'
[19:10:57.637] Adding entry into typings cache: 'which-pm-runs' => 'C:/Users/Administrator/AppData/Local/Microsoft/TypeScript/4.1/node_modules/@types/which-pm-runs/index.d.ts'
[19:10:57.641] Adding entry into typings cache: 'wrap-ansi' => 'C:/Users/Administrator/AppData/Local/Microsoft/TypeScript/4.1/node_modules/@types/wrap-ansi/index.d.ts'
[19:10:57.644] Adding entry into typings cache: 'write-file-atomic' => 'C:/Users/Administrator/AppData/Local/Microsoft/TypeScript/4.1/node_modules/@types/write-file-atomic/index.d.ts'
[19:10:57.647] Adding entry into typings cache: 'ws' => 'C:/Users/Administrator/AppData/Local/Microsoft/TypeScript/4.1/node_modules/@types/ws/index.d.ts'
[19:10:57.652] Adding entry into typings cache: 'xml2js' => 'C:/Users/Administrator/AppData/Local/Microsoft/TypeScript/4.1/node_modules/@types/xml2js/index.d.ts'
[19:10:57.656] Adding entry into typings cache: 'xtend' => 'C:/Users/Administrator/AppData/Local/Microsoft/TypeScript/4.1/node_modules/@types/xtend/index.d.ts'
[19:10:57.660] Adding entry into typings cache: 'y18n' => 'C:/Users/Administrator/AppData/Local/Microsoft/TypeScript/4.1/node_modules/@types/y18n/index.d.ts'
[19:10:57.663] Adding entry into typings cache: 'yallist' => 'C:/Users/Administrator/AppData/Local/Microsoft/TypeScript/4.1/node_modules/@types/yallist/index.d.ts'
[19:10:57.667] Adding entry into typings cache: 'yargs' => 'C:/Users/Administrator/AppData/Local/Microsoft/TypeScript/4.1/node_modules/@types/yargs/index.d.ts'
[19:10:57.671] Adding entry into typings cache: 'yargs-parser' => 'C:/Users/Administrator/AppData/Local/Microsoft/TypeScript/4.1/node_modules/@types/yargs-parser/index.d.ts'
[19:10:57.675] Adding entry into typings cache: 'yauzl' => 'C:/Users/Administrator/AppData/Local/Microsoft/TypeScript/4.1/node_modules/@types/yauzl/index.d.ts'
[19:10:57.679] Adding entry into typings cache: 'zopflipng-bin' => 'C:/Users/Administrator/AppData/Local/Microsoft/TypeScript/4.1/node_modules/@types/zopflipng-bin/index.d.ts'
[19:10:57.680] Finished processing cache location 'C:/Users/Administrator/AppData/Local/Microsoft/TypeScript/4.1'
[19:10:57.681] Process id: 4980
[19:10:57.681] NPM location: c:\lib\nodejs\npm (explicit '--npmLocation' not  provided)
[19:10:57.682] validateDefaultNpmLocation: false
[19:10:57.682] Npm config file: C:/Users/Administrator/AppData/Local/Microsoft/TypeScript/4.1/package.json
[19:10:57.683] Updating types-registry npm package...
[19:10:57.683] Exec: c:\lib\nodejs\npm install --ignore-scripts types-registry@latest
[19:11:01.888]     Succeeded. stdout:
    
    up to date, audited 651 packages in 3s

13 packages are looking for funding
  run `npm fund` for details

found 0 vulnerabilities

[19:11:01.888] Updated types-registry npm package
